This is pdfTeX, Version 3.14159265-2.6-1.40.16 (TeX Live 2015) (preloaded format=pdflatex 2015.11.22)  16 JUN 2016 16:28
entering extended mode
 restricted \write18 enabled.
 %&-line parsing enabled.
**dotaligner_v3.tex
(./dotaligner_v3.tex
LaTeX2e <2015/01/01>
Babel <3.9l> and hyphenation patterns for 79 languages loaded.
(./article.cls
Document Class: article 2000/05/19 v1.4b Standard LaTeX document class
(/usr/local/texlive/2015/texmf-dist/tex/latex/base/size10.clo
File: size10.clo 2014/09/29 v1.4h Standard LaTeX file (size option)
)
\c@part=\count79
\c@section=\count80
\c@subsection=\count81
\c@subsubsection=\count82
\c@paragraph=\count83
\c@subparagraph=\count84
\c@figure=\count85
\c@table=\count86
\abovecaptionskip=\skip41
\belowcaptionskip=\skip42
\bibindent=\dimen102
)
(/usr/local/texlive/2015/texmf-dist/tex/latex/graphics/epsfig.sty
Package: epsfig 1999/02/16 v1.7a (e)psfig emulation (SPQR)

(/usr/local/texlive/2015/texmf-dist/tex/latex/graphics/graphicx.sty
Package: graphicx 2014/10/28 v1.0g Enhanced LaTeX Graphics (DPC,SPQR)

(/usr/local/texlive/2015/texmf-dist/tex/latex/graphics/keyval.sty
Package: keyval 2014/10/28 v1.15 key=value parser (DPC)
\KV@toks@=\toks14
)
(/usr/local/texlive/2015/texmf-dist/tex/latex/graphics/graphics.sty
Package: graphics 2014/10/28 v1.0p Standard LaTeX Graphics (DPC,SPQR)

(/usr/local/texlive/2015/texmf-dist/tex/latex/graphics/trig.sty
Package: trig 1999/03/16 v1.09 sin cos tan (DPC)
)
(/usr/local/texlive/2015/texmf-dist/tex/latex/latexconfig/graphics.cfg
File: graphics.cfg 2010/04/23 v1.9 graphics configuration of TeX Live
)
Package graphics Info: Driver file: pdftex.def on input line 94.

(/usr/local/texlive/2015/texmf-dist/tex/latex/pdftex-def/pdftex.def
File: pdftex.def 2011/05/27 v0.06d Graphics/color for pdfTeX

(/usr/local/texlive/2015/texmf-dist/tex/generic/oberdiek/infwarerr.sty
Package: infwarerr 2010/04/08 v1.3 Providing info/warning/error messages (HO)
)
(/usr/local/texlive/2015/texmf-dist/tex/generic/oberdiek/ltxcmds.sty
Package: ltxcmds 2011/11/09 v1.22 LaTeX kernel commands for general use (HO)
)
\Gread@gobject=\count87
))
\Gin@req@height=\dimen103
\Gin@req@width=\dimen104
)
\epsfxsize=\dimen105
\epsfysize=\dimen106
)
(/usr/local/texlive/2015/texmf-dist/tex/latex/subfigure/subfigure.sty
Package: subfigure 2002/03/15 v2.1.5 subfigure package
\subfigtopskip=\skip43
\subfigcapskip=\skip44
\subfigcaptopadj=\dimen107
\subfigbottomskip=\skip45
\subfigcapmargin=\dimen108
\subfiglabelskip=\skip46
\c@subfigure=\count88
\c@lofdepth=\count89
\c@subtable=\count90
\c@lotdepth=\count91

****************************************
* Local config file subfigure.cfg used *
****************************************
(/usr/local/texlive/2015/texmf-dist/tex/latex/subfigure/subfigure.cfg)
\subfig@top=\skip47
\subfig@bottom=\skip48
)
(/usr/local/texlive/2015/texmf-dist/tex/latex/tools/calc.sty
Package: calc 2014/10/28 v4.3 Infix arithmetic (KKT,FJ)
\calc@Acount=\count92
\calc@Bcount=\count93
\calc@Adimen=\dimen109
\calc@Bdimen=\dimen110
\calc@Askip=\skip49
\calc@Bskip=\skip50
LaTeX Info: Redefining \setlength on input line 80.
LaTeX Info: Redefining \addtolength on input line 81.
\calc@Ccount=\count94
\calc@Cskip=\skip51
)
(/usr/local/texlive/2015/texmf-dist/tex/latex/amsfonts/amssymb.sty
Package: amssymb 2013/01/14 v3.01 AMS font symbols

(/usr/local/texlive/2015/texmf-dist/tex/latex/amsfonts/amsfonts.sty
Package: amsfonts 2013/01/14 v3.01 Basic AMSFonts support
\@emptytoks=\toks15
\symAMSa=\mathgroup4
\symAMSb=\mathgroup5
LaTeX Font Info:    Overwriting math alphabet `\mathfrak' in version `bold'
(Font)                  U/euf/m/n --> U/euf/b/n on input line 106.
))
(/usr/local/texlive/2015/texmf-dist/tex/latex/amsmath/amstext.sty
Package: amstext 2000/06/29 v2.01

(/usr/local/texlive/2015/texmf-dist/tex/latex/amsmath/amsgen.sty
File: amsgen.sty 1999/11/30 v2.0
\@emptytoks=\toks16
\ex@=\dimen111
))
(/usr/local/texlive/2015/texmf-dist/tex/latex/amsmath/amsmath.sty
Package: amsmath 2013/01/14 v2.14 AMS math features
\@mathmargin=\skip52

For additional information on amsmath, use the `?' option.
(/usr/local/texlive/2015/texmf-dist/tex/latex/amsmath/amsbsy.sty
Package: amsbsy 1999/11/29 v1.2d
\pmbraise@=\dimen112
)
(/usr/local/texlive/2015/texmf-dist/tex/latex/amsmath/amsopn.sty
Package: amsopn 1999/12/14 v2.01 operator names
)
\inf@bad=\count95
LaTeX Info: Redefining \frac on input line 210.
\uproot@=\count96
\leftroot@=\count97
LaTeX Info: Redefining \overline on input line 306.
\classnum@=\count98
\DOTSCASE@=\count99
LaTeX Info: Redefining \ldots on input line 378.
LaTeX Info: Redefining \dots on input line 381.
LaTeX Info: Redefining \cdots on input line 466.
\Mathstrutbox@=\box26
\strutbox@=\box27
\big@size=\dimen113
LaTeX Font Info:    Redeclaring font encoding OML on input line 566.
LaTeX Font Info:    Redeclaring font encoding OMS on input line 567.
\macc@depth=\count100
\c@MaxMatrixCols=\count101
\dotsspace@=\muskip10
\c@parentequation=\count102
\dspbrk@lvl=\count103
\tag@help=\toks17
\row@=\count104
\column@=\count105
\maxfields@=\count106
\andhelp@=\toks18
\eqnshift@=\dimen114
\alignsep@=\dimen115
\tagshift@=\dimen116
\tagwidth@=\dimen117
\totwidth@=\dimen118
\lineht@=\dimen119
\@envbody=\toks19
\multlinegap=\skip53
\multlinetaggap=\skip54
\mathdisplay@stack=\toks20
LaTeX Info: Redefining \[ on input line 2665.
LaTeX Info: Redefining \] on input line 2666.
)
(/usr/local/texlive/2015/texmf-dist/tex/latex/amscls/amsthm.sty
Package: amsthm 2015/03/04 v2.20.2
\thm@style=\toks21
\thm@bodyfont=\toks22
\thm@headfont=\toks23
\thm@notefont=\toks24
\thm@headpunct=\toks25
\thm@preskip=\skip55
\thm@postskip=\skip56
\thm@headsep=\skip57
\dth@everypar=\toks26
)
(/usr/local/texlive/2015/texmf-dist/tex/latex/tools/multicol.sty
Package: multicol 2015/03/31 v1.8m multicolumn formatting (FMi)
\c@tracingmulticols=\count107
\mult@box=\box28
\multicol@leftmargin=\dimen120
\c@unbalance=\count108
\c@collectmore=\count109
\doublecol@number=\count110
\multicoltolerance=\count111
\multicolpretolerance=\count112
\full@width=\dimen121
\page@free=\dimen122
\premulticols=\dimen123
\postmulticols=\dimen124
\multicolsep=\skip58
\multicolbaselineskip=\skip59
\partial@page=\box29
\last@line=\box30
\maxbalancingoverflow=\dimen125
\mult@rightbox=\box31
\mult@grightbox=\box32
\mult@gfirstbox=\box33
\mult@firstbox=\box34
\@tempa=\box35
\@tempa=\box36
\@tempa=\box37
\@tempa=\box38
\@tempa=\box39
\@tempa=\box40
\@tempa=\box41
\@tempa=\box42
\@tempa=\box43
\@tempa=\box44
\@tempa=\box45
\@tempa=\box46
\@tempa=\box47
\@tempa=\box48
\@tempa=\box49
\@tempa=\box50
\@tempa=\box51
\c@columnbadness=\count113
\c@finalcolumnbadness=\count114
\last@try=\dimen126
\multicolovershoot=\dimen127
\multicolundershoot=\dimen128
\mult@nat@firstbox=\box52
\colbreak@box=\box53
\mc@col@check@num=\count115
)
(/usr/local/texlive/2015/texmf-dist/tex/latex/pslatex/pslatex.sty
Package: pslatex 1996/07/24 v1.2 pslatex emulation (DPC)
LaTeX Font Info:    Redeclaring symbol font `operators' on input line 65.
LaTeX Font Info:    Overwriting symbol font `operators' in version `normal'
(Font)                  OT1/cmr/m/n --> OT1/ptmcm/m/n on input line 65.
LaTeX Font Info:    Overwriting symbol font `operators' in version `bold'
(Font)                  OT1/cmr/bx/n --> OT1/ptmcm/m/n on input line 65.
LaTeX Font Info:    Redeclaring symbol font `letters' on input line 66.
LaTeX Font Info:    Overwriting symbol font `letters' in version `normal'
(Font)                  OML/cmm/m/it --> OML/ptmcm/m/it on input line 66.
LaTeX Font Info:    Overwriting symbol font `letters' in version `bold'
(Font)                  OML/cmm/b/it --> OML/ptmcm/m/it on input line 66.
LaTeX Font Info:    Redeclaring symbol font `symbols' on input line 67.
LaTeX Font Info:    Overwriting symbol font `symbols' in version `normal'
(Font)                  OMS/cmsy/m/n --> OMS/pzccm/m/n on input line 67.
LaTeX Font Info:    Overwriting symbol font `symbols' in version `bold'
(Font)                  OMS/cmsy/b/n --> OMS/pzccm/m/n on input line 67.
LaTeX Font Info:    Redeclaring symbol font `largesymbols' on input line 68.
LaTeX Font Info:    Overwriting symbol font `largesymbols' in version `normal'
(Font)                  OMX/cmex/m/n --> OMX/psycm/m/n on input line 68.
LaTeX Font Info:    Overwriting symbol font `largesymbols' in version `bold'
(Font)                  OMX/cmex/m/n --> OMX/psycm/m/n on input line 68.
\symbold=\mathgroup6
\symitalic=\mathgroup7
LaTeX Font Info:    Redeclaring math alphabet \mathbf on input line 74.
LaTeX Font Info:    Overwriting math alphabet `\mathbf' in version `normal'
(Font)                  OT1/cmr/bx/n --> OT1/ptm/bx/n on input line 74.
LaTeX Font Info:    Overwriting math alphabet `\mathbf' in version `bold'
(Font)                  OT1/cmr/bx/n --> OT1/ptm/bx/n on input line 74.
LaTeX Font Info:    Redeclaring math alphabet \mathit on input line 75.
LaTeX Font Info:    Overwriting math alphabet `\mathit' in version `normal'
(Font)                  OT1/cmr/m/it --> OT1/ptm/m/it on input line 75.
LaTeX Font Info:    Overwriting math alphabet `\mathit' in version `bold'
(Font)                  OT1/cmr/bx/it --> OT1/ptm/m/it on input line 75.
)
(./apalike.sty
\bibhang=\skip60
) (./SCITEPRESS.sty
Conference Style for SCITEPRESS for LaTeX 2e -- version of April 2013
\titlebox=\skip61
) (/usr/local/texlive/2015/texmf-dist/tex/latex/caption/caption.sty
Package: caption 2013/05/02 v3.3-89 Customizing captions (AR)

(/usr/local/texlive/2015/texmf-dist/tex/latex/caption/caption3.sty
Package: caption3 2013/05/02 v1.6-88 caption3 kernel (AR)
Package caption3 Info: TeX engine: e-TeX on input line 57.
\captionmargin=\dimen129
\captionmargin@=\dimen130
\captionwidth=\dimen131
\caption@tempdima=\dimen132
\caption@indent=\dimen133
\caption@parindent=\dimen134
\caption@hangindent=\dimen135
)
\c@ContinuedFloat=\count116
Package caption Info: subfigure package is loaded.
)
(/usr/local/texlive/2015/texmf-dist/tex/latex/graphics/color.sty
Package: color 2014/10/28 v1.1a Standard LaTeX Color (DPC)

(/usr/local/texlive/2015/texmf-dist/tex/latex/latexconfig/color.cfg
File: color.cfg 2007/01/18 v1.5 color configuration of teTeX/TeXLive
)
Package color Info: Driver file: pdftex.def on input line 142.
)
(/usr/local/texlive/2015/texmf-dist/tex/latex/algorithms/algorithm.sty
Package: algorithm 2009/08/24 v0.1 Document Style `algorithm' - floating enviro
nment

(/usr/local/texlive/2015/texmf-dist/tex/latex/float/float.sty
Package: float 2001/11/08 v1.3d Float enhancements (AL)
\c@float@type=\count117
\float@exts=\toks27
\float@box=\box54
\@float@everytoks=\toks28
\@floatcapt=\box55
)
(/usr/local/texlive/2015/texmf-dist/tex/latex/base/ifthen.sty
Package: ifthen 2014/09/29 v1.1c Standard LaTeX ifthen package (DPC)
)
\@float@every@algorithm=\toks29
\c@algorithm=\count118
)
(/usr/local/texlive/2015/texmf-dist/tex/latex/algorithms/algorithmic.sty
Package: algorithmic 2009/08/24 v0.1 Document Style `algorithmic'
\c@ALC@unique=\count119
\c@ALC@line=\count120
\c@ALC@rem=\count121
\c@ALC@depth=\count122
\ALC@tlm=\skip62
\algorithmicindent=\skip63
)
(./dotaligner_v3.aux)
\openout1 = `dotaligner_v3.aux'.

LaTeX Font Info:    Checking defaults for OML/cmm/m/it on input line 45.
LaTeX Font Info:    ... okay on input line 45.
LaTeX Font Info:    Checking defaults for T1/cmr/m/n on input line 45.
LaTeX Font Info:    ... okay on input line 45.
LaTeX Font Info:    Checking defaults for OT1/cmr/m/n on input line 45.
LaTeX Font Info:    ... okay on input line 45.
LaTeX Font Info:    Checking defaults for OMS/pzccm/m/n on input line 45.
LaTeX Font Info:    Try loading font information for OMS+pzccm on input line 45
.

(/usr/local/texlive/2015/texmf-dist/tex/latex/psnfss/omspzccm.fd
File: omspzccm.fd 2000/01/03 Fontinst v1.801 font definitions for OMS/pzccm.
)
LaTeX Font Info:    ... okay on input line 45.
LaTeX Font Info:    Checking defaults for OMX/cmex/m/n on input line 45.
LaTeX Font Info:    ... okay on input line 45.
LaTeX Font Info:    Checking defaults for U/cmr/m/n on input line 45.
LaTeX Font Info:    ... okay on input line 45.

(/usr/local/texlive/2015/texmf-dist/tex/context/base/supp-pdf.mkii
[Loading MPS to PDF converter (version 2006.09.02).]
\scratchcounter=\count123
\scratchdimen=\dimen136
\scratchbox=\box56
\nofMPsegments=\count124
\nofMParguments=\count125
\everyMPshowfont=\toks30
\MPscratchCnt=\count126
\MPscratchDim=\dimen137
\MPnumerator=\count127
\makeMPintoPDFobject=\count128
\everyMPtoPDFconversion=\toks31
) (/usr/local/texlive/2015/texmf-dist/tex/generic/oberdiek/pdftexcmds.sty
Package: pdftexcmds 2011/11/29 v0.20 Utility functions of pdfTeX for LuaTeX (HO
)

(/usr/local/texlive/2015/texmf-dist/tex/generic/oberdiek/ifluatex.sty
Package: ifluatex 2010/03/01 v1.3 Provides the ifluatex switch (HO)
Package ifluatex Info: LuaTeX not detected.
)
(/usr/local/texlive/2015/texmf-dist/tex/generic/oberdiek/ifpdf.sty
Package: ifpdf 2011/01/30 v2.3 Provides the ifpdf switch (HO)
Package ifpdf Info: pdfTeX in PDF mode is detected.
)
Package pdftexcmds Info: LuaTeX not detected.
Package pdftexcmds Info: \pdf@primitive is available.
Package pdftexcmds Info: \pdf@ifprimitive is available.
Package pdftexcmds Info: \pdfdraftmode found.
)
(/usr/local/texlive/2015/texmf-dist/tex/latex/oberdiek/epstopdf-base.sty
Package: epstopdf-base 2010/02/09 v2.5 Base part for package epstopdf

(/usr/local/texlive/2015/texmf-dist/tex/latex/oberdiek/grfext.sty
Package: grfext 2010/08/19 v1.1 Manage graphics extensions (HO)

(/usr/local/texlive/2015/texmf-dist/tex/generic/oberdiek/kvdefinekeys.sty
Package: kvdefinekeys 2011/04/07 v1.3 Define keys (HO)
))
(/usr/local/texlive/2015/texmf-dist/tex/latex/oberdiek/kvoptions.sty
Package: kvoptions 2011/06/30 v3.11 Key value format for package options (HO)

(/usr/local/texlive/2015/texmf-dist/tex/generic/oberdiek/kvsetkeys.sty
Package: kvsetkeys 2012/04/25 v1.16 Key value parser (HO)

(/usr/local/texlive/2015/texmf-dist/tex/generic/oberdiek/etexcmds.sty
Package: etexcmds 2011/02/16 v1.5 Avoid name clashes with e-TeX commands (HO)
Package etexcmds Info: Could not find \expanded.
(etexcmds)             That can mean that you are not using pdfTeX 1.50 or
(etexcmds)             that some package has redefined \expanded.
(etexcmds)             In the latter case, load this package earlier.
)))
Package grfext Info: Graphics extension search list:
(grfext)             [.png,.pdf,.jpg,.mps,.jpeg,.jbig2,.jb2,.PNG,.PDF,.JPG,.JPE
G,.JBIG2,.JB2,.eps]
(grfext)             \AppendGraphicsExtensions on input line 452.

(/usr/local/texlive/2015/texmf-dist/tex/latex/latexconfig/epstopdf-sys.cfg
File: epstopdf-sys.cfg 2010/07/13 v1.3 Configuration of (r)epstopdf for TeX Liv
e
))
Package caption Info: Begin \AtBeginDocument code.
Package caption Info: float package is loaded.
Package caption Info: End \AtBeginDocument code.
LaTeX Font Info:    Font shape `OT1/ptm/bx/n' in size <14.4> not available
(Font)              Font shape `OT1/ptm/b/n' tried instead on input line 80.
LaTeX Font Info:    Calculating math sizes for size <11> on input line 80.
LaTeX Font Info:    Try loading font information for OT1+ptmcm on input line 80
.

(/usr/local/texlive/2015/texmf-dist/tex/latex/psnfss/ot1ptmcm.fd
File: ot1ptmcm.fd 2000/01/03 Fontinst v1.801 font definitions for OT1/ptmcm.
)
LaTeX Font Info:    Try loading font information for OML+ptmcm on input line 80
.

(/usr/local/texlive/2015/texmf-dist/tex/latex/psnfss/omlptmcm.fd
File: omlptmcm.fd 2000/01/03 Fontinst v1.801 font definitions for OML/ptmcm.
)
LaTeX Font Info:    Try loading font information for OMX+psycm on input line 80
.

(/usr/local/texlive/2015/texmf-dist/tex/latex/psnfss/omxpsycm.fd
File: omxpsycm.fd 2000/01/03 Fontinst v1.801 font definitions for OMX/psycm.
)
LaTeX Font Info:    Try loading font information for U+msa on input line 80.

(/usr/local/texlive/2015/texmf-dist/tex/latex/amsfonts/umsa.fd
File: umsa.fd 2013/01/14 v3.01 AMS symbols A
)
LaTeX Font Info:    Try loading font information for U+msb on input line 80.

(/usr/local/texlive/2015/texmf-dist/tex/latex/amsfonts/umsb.fd
File: umsb.fd 2013/01/14 v3.01 AMS symbols B
)
LaTeX Font Info:    Font shape `OT1/ptm/bx/n' in size <11> not available
(Font)              Font shape `OT1/ptm/b/n' tried instead on input line 80.
LaTeX Font Info:    Font shape `OT1/ptm/bx/n' in size <7.69997> not available
(Font)              Font shape `OT1/ptm/b/n' tried instead on input line 80.
LaTeX Font Info:    Font shape `OT1/ptm/bx/n' in size <5.5> not available
(Font)              Font shape `OT1/ptm/b/n' tried instead on input line 80.
LaTeX Font Info:    Font shape `OT1/ptm/bx/n' in size <9> not available
(Font)              Font shape `OT1/ptm/b/n' tried instead on input line 80.
LaTeX Font Info:    Font shape `OT1/ptm/bx/n' in size <7> not available
(Font)              Font shape `OT1/ptm/b/n' tried instead on input line 80.
LaTeX Font Info:    Font shape `OT1/ptm/bx/n' in size <5> not available
(Font)              Font shape `OT1/ptm/b/n' tried instead on input line 80.
Missing character: There is no â in font ptmri7t!
Missing character: There is no € in font ptmri7t!
Missing character: There is no ™ in font ptmri7t!

Underfull \hbox (badness 10000) in paragraph at lines 80--80

 []

LaTeX Font Info:    Font shape `OT1/ptm/bx/n' in size <13> not available
(Font)              Font shape `OT1/ptm/b/n' tried instead on input line 82.
LaTeX Font Info:    Font shape `OT1/ptm/bx/n' in size <10> not available
(Font)              Font shape `OT1/ptm/b/n' tried instead on input line 109.
LaTeX Font Info:    Font shape `OT1/ptm/bx/n' in size <7.4> not available
(Font)              Font shape `OT1/ptm/b/n' tried instead on input line 109.
LaTeX Font Info:    Font shape `OT1/ptm/bx/n' in size <6> not available
(Font)              Font shape `OT1/ptm/b/n' tried instead on input line 109.

Underfull \hbox (badness 1270) in paragraph at lines 105--115
[]\OT1/ptm/m/n/10 For clus-ter-ing of RNA do-mains a dis-sim-i-lar-
 []


Underfull \hbox (badness 1552) in paragraph at lines 105--115
\OT1/ptm/m/n/10 pair-wise de-pen-den-cies (for base pair-ings). The
 []

[1{/usr/local/texlive/2015/texmf-var/fonts/map/pdftex/updmap/pdftex.map}




]
Underfull \hbox (badness 1342) in paragraph at lines 116--132
[]\OT1/ptm/m/n/10 Simultaneous align-ment and fold-ing (Sankoff,
 []


Package amsmath Warning: Foreign command \atop;
(amsmath)                \frac or \genfrac should be used instead
(amsmath)                 on input line 151.


Underfull \hbox (badness 1762) in paragraph at lines 185--187
\OT1/ptm/m/n/10 ce-dure and its weight func-tions im-ple-mented in
 []

LaTeX Font Info:    Font shape `OT1/ptm/bx/n' in size <12> not available
(Font)              Font shape `OT1/ptm/b/n' tried instead on input line 189.

Underfull \hbox (badness 1038) in paragraph at lines 191--194
\OT1/ptm/m/n/10 In step 1 the com-pu-ta-tion of the par-ti-tion func-
 []

[2]
Overfull \hbox (2.8352pt too wide) detected at line 292
\OML/ptmcm/m/it/10 W[]\OT1/ptmcm/m/n/10 (\OML/ptmcm/m/it/10 A[]\OT1/ptmcm/m/n/1
0 ) = \OML/ptmcm/m/it/10 ^^T \OMS/pzccm/m/n/10 ^^B [] \OT1/ptmcm/m/n/10 + (1 \O
MS/pzccm/m/n/10 ^^@ \OML/ptmcm/m/it/10 ^^T\OT1/ptmcm/m/n/10 ) \OMS/pzccm/m/n/10
 ^^B []
 []


Underfull \hbox (badness 3612) in paragraph at lines 294--301
\OT1/ptm/m/n/10 ment $\OML/ptmcm/m/it/10 A[]$ \OT1/ptm/m/n/10 be-tween the sequ
ence-based sim-i-lar-ity
 []


Overfull \hbox (10.66986pt too wide) detected at line 318
\OT1/ptmcm/m/n/10 ^^A\OML/ptmcm/m/it/10  \OT1/ptmcm/m/n/10 (\OML/ptmcm/m/it/10 
i; j; i[]; j[]\OT1/ptmcm/m/n/10 ) = []
 []


Underfull \hbox (badness 10000) in paragraph at lines 330--332
[]\OT1/ptm/m/n/10 Again the log-odd scores $\OML/ptmcm/m/it/10 L$ \OT1/ptm/m/n/
10 from the
 []


Underfull \hbox (badness 1546) in paragraph at lines 330--332
\OT1/ptm/m/n/10 RIBOSUM85-60 ma-trix (Klein and Eddy, 2003)
 []

[3]
LaTeX Font Info:    Font shape `OT1/ptm/bx/it' in size <12> not available
(Font)              Font shape `OT1/ptm/b/it' tried instead on input line 362.

Underfull \hbox (badness 1721) in paragraph at lines 366--373
\OT1/ptm/m/n/10 Initial pa-ram-e-ter op-ti-miza-tion was per-formed on
 []


Underfull \hbox (badness 1642) in paragraph at lines 366--373
\OT1/ptm/m/n/10 8,976 pair-wise RNA struc-ture align-ments (7,859
 []


Underfull \hbox (badness 1953) in paragraph at lines 366--373
\OT1/ptm/m/n/10 cu-rated in the \OT1/pcr/m/n/10 BRAliBase 2.1 \OT1/ptm/m/n/10 r
ef-er-ence dataset
 []


Underfull \hbox (badness 2165) in paragraph at lines 366--373
\OT1/ptm/m/n/10 im-ple-men-ta-tion of Mc-Caskill's par-ti-tion func-tion
 []


Underfull \hbox (badness 10000) in paragraph at lines 366--373

 []

LaTeX Font Info:    Font shape `OMS/ptm/m/n' in size <10> not available
(Font)              Font shape `OMS/pzccm/m/n' tried instead on input line 375.


Underfull \hbox (badness 1577) in paragraph at lines 415--421
\OT1/ptm/m/n/10 et al., 2014) were down-loaded, split into fam-i-
 []

[4]
Underfull \hbox (badness 1019) in paragraph at lines 429--432
\OT1/ptm/m/n/10 se-quences, en-sur-ing that the over-all se-quence
 []


Underfull \hbox (badness 2608) in paragraph at lines 439--445
\OT1/ptm/m/n/10 The RFAM ac-ces-sions from se-quences sam-pled
 []


Underfull \hbox (badness 1509) in paragraph at lines 439--445
\OT1/ptm/m/n/10 pop-u-late a bi-nary ma-trix serv-ing as a ref-er-ence
 []


Underfull \hbox (badness 1117) in paragraph at lines 439--445
\OT1/ptm/m/n/10 Re-ceiver Op-er-at-ing Char-ac-ter-is-tic (ROC) and the
 []


Underfull \hbox (badness 10000) in paragraph at lines 439--445

 []


Underfull \hbox (badness 3460) in paragraph at lines 446--447
\OT1/ptm/m/n/10 ture/sequence align-ment al-go-rithms (on sep-a-rate
 []


Underfull \hbox (badness 10000) in paragraph at lines 446--447

 []

LaTeX Font Info:    Font shape `OT1/ptm/bx/it' in size <10> not available
(Font)              Font shape `OT1/ptm/b/it' tried instead on input line 448.

Underfull \hbox (badness 10000) in paragraph at lines 451--457

 []


Underfull \hbox (badness 10000) in paragraph at lines 460--466

 []


Underfull \hbox (badness 1769) in paragraph at lines 479--480
\OT1/ptm/m/n/10 Density-Based Spa-tial Clus-ter-ing of Ap-pli-ca-tions
 []


Underfull \hbox (badness 2970) in paragraph at lines 479--480
\OT1/ptm/m/n/10 with Noise (DB-SCAN) al-go-rithm (Es-ter et al.,
 []


Underfull \hbox (badness 3503) in paragraph at lines 479--480
\OT1/ptm/m/n/10 1996) was used via the DB-SCAN R pack-age
 []

[5]
Underfull \hbox (badness 4543) in paragraph at lines 535--536
\OT1/ptm/m/n/10 As our in-tended ap-pli-ca-tion of pair-wise RNA
 []


Underfull \hbox (badness 10000) in paragraph at lines 535--536

 []


Underfull \vbox (badness 2846) has occurred while \output is active []


Underfull \hbox (badness 2837) in paragraph at lines 539--544
[]\OT1/ptm/m/n/10 To as-sess how well \OT1/pcr/m/n/10 DotAligner \OT1/ptm/m/n/1
0 re-pro-duces
 []


Package amsmath Warning: Foreign command \over;
(amsmath)                \frac or \genfrac should be used instead
(amsmath)                 on input line 550.


Underfull \hbox (badness 3323) in paragraph at lines 551--552
\OT1/ptm/m/n/10 tures and sig-nif-i-cance test-ing with \OT1/pcr/m/n/10 pvclust

 []


Underfull \hbox (badness 1348) in paragraph at lines 551--552
\OT1/ptm/m/n/10 (Suzuki R and Shi-modaira H. Bioin-for-mat-ics
 []

[6]
Underfull \hbox (badness 10000) in paragraph at lines 577--578
\OT1/ptm/m/it/10 SNORA14\OT1/ptm/m/n/10 , \OT1/ptm/m/it/10 SNORA15\OT1/ptm/m/n/
10 , \OT1/ptm/m/it/10 SNORA16\OT1/ptm/m/n/10 , \OT1/ptm/m/it/10 SNORA17\OT1/ptm
/m/n/10 ,
 []


LaTeX Warning: Reference `fig:roc' on page 7 undefined on input line 599.


LaTeX Warning: Reference `fig:dotaligner_g4_cluster' on page 7 undefined on inp
ut line 599.


Underfull \hbox (badness 1975) in paragraph at lines 623--624
[]\OT1/ptm/m/n/10 Generate (dis)similarity ma-trix from pair-wise
 []

[7]
Underfull \hbox (badness 10000) in paragraph at lines 661--662
[]\OT1/ptm/m/n/10 Try op-tion \OT1/pcr/m/n/10 --pw-aligner
 []


Underfull \hbox (badness 1152) in paragraph at lines 661--662
\OT1/pcr/m/n/10 path/to/DotAligner \OT1/ptm/m/n/10 and see if it will give
 []


Underfull \hbox (badness 1681) in paragraph at lines 664--666
[]\OT1/ptm/m/n/10 Will this cause (m)locarna to use the en-tire
 []


Underfull \hbox (badness 10000) in paragraph at lines 664--666
\OT1/ptm/m/n/10 the fol-low-ing pa-ram-e-ters \OT1/pcr/m/n/10 --probabilistic
 []


Underfull \hbox (badness 10000) in paragraph at lines 664--666
\OT1/pcr/m/n/10 --consistency-transformation
 []

(./dotaligner_v3.bbl
LaTeX Font Info:    Font shape `OMS/ptm/m/n' in size <9> not available
(Font)              Font shape `OMS/pzccm/m/n' tried instead on input line 11.
 [8]
Underfull \hbox (badness 3407) in paragraph at lines 106--110
[]\OT1/ptm/m/n/9 Sankoff, D. (1985).  Si-mul-ta-ne-ous so-lu-tion of the
 []


Underfull \hbox (badness 1292) in paragraph at lines 133--139
\OT1/ptm/m/n/9 (2016).  Ro-bust transcriptome-wide dis-cov-ery of
 []

) [9] [10

]
Underfull \hbox (badness 10000) in paragraph at lines 727--758

 []

[11

] (./dotaligner_v3.aux)

LaTeX Warning: There were undefined references.

 ) 
Here is how much of TeX's memory you used:
 4569 strings out of 493089
 66103 string characters out of 6134841
 135724 words of memory out of 5000000
 7916 multiletter control sequences out of 15000+600000
 70246 words of font info for 147 fonts, out of 8000000 for 9000
 1141 hyphenation exceptions out of 8191
 38i,10n,38p,1095b,273s stack positions out of 5000i,500n,10000p,200000b,80000s
{/usr/local/texlive/2015/texmf-dist/fonts/enc/dvips/base/8r.enc}</usr/local/t
exlive/2015/texmf-dist/fonts/type1/public/amsfonts/cm/cmex10.pfb></usr/local/te
xlive/2015/texmf-dist/fonts/type1/public/amsfonts/cm/cmmi10.pfb></usr/local/tex
live/2015/texmf-dist/fonts/type1/public/amsfonts/cm/cmr10.pfb></usr/local/texli
ve/2015/texmf-dist/fonts/type1/public/amsfonts/cm/cmsy10.pfb></usr/local/texliv
e/2015/texmf-dist/fonts/type1/urw/courier/ucrr8a.pfb></usr/local/texlive/2015/t
exmf-dist/fonts/type1/urw/symbol/usyr.pfb></usr/local/texlive/2015/texmf-dist/f
onts/type1/urw/times/utmb8a.pfb></usr/local/texlive/2015/texmf-dist/fonts/type1
/urw/times/utmbi8a.pfb></usr/local/texlive/2015/texmf-dist/fonts/type1/urw/time
s/utmr8a.pfb></usr/local/texlive/2015/texmf-dist/fonts/type1/urw/times/utmri8a.
pfb>
Output written on dotaligner_v3.pdf (11 pages, 158062 bytes).
PDF statistics:
 81 PDF objects out of 1000 (max. 8388607)
 57 compressed objects within 1 object stream
 0 named destinations out of 1000 (max. 500000)
 1 words of extra memory for PDF output out of 10000 (max. 10000000)

